<?xml version="1.0" encoding="UTF-8"?>
<testng-results skipped="0" failed="0" total="1" passed="1">
  <reporter-output>
  </reporter-output>
  <suite name="Default Suite" duration-ms="9250" started-at="2022-09-08T22:30:52Z" finished-at="2022-09-08T22:31:01Z">
    <groups>
    </groups>
    <test name="JavaSeleniumDemoLjubica" duration-ms="9250" started-at="2022-09-08T22:30:52Z" finished-at="2022-09-08T22:31:01Z">
      <class name="tests.SauceDemoLoginTest">
        <test-method status="PASS" signature="setup()[pri:0, instance:tests.SauceDemoLoginTest@5f375618]" name="setup" is-config="true" duration-ms="4300" started-at="2022-09-09T00:30:52Z" finished-at="2022-09-09T00:30:56Z">
          <reporter-output>
          </reporter-output>
        </test-method> <!-- setup -->
        <test-method status="PASS" signature="sauceDemoLogin()[pri:0, instance:tests.SauceDemoLoginTest@5f375618]" name="sauceDemoLogin" duration-ms="4014" started-at="2022-09-09T00:30:56Z" description="Login" finished-at="2022-09-09T00:31:00Z">
          <reporter-output>
          </reporter-output>
        </test-method> <!-- sauceDemoLogin -->
        <test-method status="PASS" signature="tearDown()[pri:0, instance:tests.SauceDemoLoginTest@5f375618]" name="tearDown" is-config="true" duration-ms="923" started-at="2022-09-09T00:31:00Z" finished-at="2022-09-09T00:31:01Z">
          <reporter-output>
          </reporter-output>
        </test-method> <!-- tearDown -->
      </class> <!-- tests.SauceDemoLoginTest -->
    </test> <!-- JavaSeleniumDemoLjubica -->
  </suite> <!-- Default Suite -->
</testng-results>
